<?xml version="1.0" encoding="UTF-8"?>
<!-- Generated by org.testng.reporters.JUnitXMLReporter -->
<testsuite hostname="good" name="TestNGExPrority1" tests="3" failures="0" timestamp="17 Jun 2017 12:00:24 GMT" time="0.026" errors="0">
  <testcase name="doPasswordChange" time="0.008" classname="tesNG.TestNGExPrority1"/>
  <testcase name="login" time="0.002" classname="tesNG.TestNGExPrority1"/>
  <testcase name="nogout" time="0.001" classname="tesNG.TestNGExPrority1"/>
</testsuite> <!-- TestNGExPrority1 -->
